
----------
2012/03/04-17:19:16 211.214.174.5
신고자:노모타
오류 정정 요청 파일이 너무 커져서 새로 만듭니다.

----------
2012/03/27-8:44:50 218.159.150.243
신고자:
indik-i   <化> 가리키다. 꺽음쇠 안에 '화'자가 '타'가 아닌지요?
답변: 수정했습니다.

----------
2012/04/01-10:05:40 218.159.150.236
신고자:
sorĉ-i   <他> 마술을 걸다, 요술(妖術)로 홀리다; 매혹(魅惑)하다, 홀리다; 활홀하게 하다(정정바랍니다.)
답변: 수정되었습니다.

----------
2012/04/16-23:22:50 193.47.80.41

----------
2012/07/10-11:56:54 121.160.177.137
신고자:
 impet ega trorento 격류(激流). torento로 정정바람
답변: 수정되었습니다.

----------
2012/07/10-12:00:04 121.160.177.137
신고자:
impetㄷege protesti 격렬하게 항의하다. 정정바람.
답변: 수정되었습니다.

----------
2012/08/18-22:32:52 121.160.177.137
신고자:
"engaĝ-i   <他> 약혼하다, 약속하다, 예약하다" 에서 뜻이나 해석이 약간 애매합니다 약속이나 예약도 이상하나 약혼은 더 이상합니다. reta-PIV에는 전혀 약혼이란 뜻이 없어서요. 노모타가 함 자세히 살펴주이소.

답변: 수정했습니다. 예전에 이재현 선생의 저작에서, 아마도 영어의 engage와 비슷하다고, 오역했었던 것 같습니다. 영어에서는 약혼에도 사용되는 단어입니다.


----------
2012/09/03-11:46:38 110.10.190.212
신고자:
 kredema 질믿는===>>잘믿는
답변: 수정되었습니다.



----------
2012/09/06-17:10:03 210.115.36.166
신고자:


----------
2012/09/18-14:57:43 114.203.61.170
신고자:
ergosterol-o   <생화학> 에르고스테롤(자외선 N!G곳A 의해 비타민 D 로 변화한다). ===>에르고스테롤(자외선 조사에 의해 비타민 D 로 변화한다). 
답변: 수정되었습니다.



----------
2012/09/23-17:27:36 121.160.177.137
신고자:
entuziasmo 단어와 entuzisamo 두 단어가 같이 뜨네요. entuziasmo의 오기인것 같아요. 노모타가 함 살펴보이소.
답변: 수정되었습니다.

----------
2012/09/25-8:43:54 114.203.61.170
신고자:
radiotelegrfio 무선전신(電信). ===>radiotelegrafio
답변: 수정되었습니다.

----------
2012/10/03-19:00:15 110.10.190.26
신고자:
juglandarbo 호두나무 ====>호도나무
답변: 수정되었습니다.

----------
2012/10/12-13:18:40 114.203.61.138
신고자:
osmoza osmoz성(性)의. osmozometro osmoz계===>osmoza ~성(性)의. osmozometro ~계
답변: 수정되었습니다.

----------
2012/10/28-16:08:36 119.193.244.94
신고자:
sukur-lejo,앞에 1 자가 필요 없을 것 같기도...
답변: 수정되었습니다.

----------
2012/11/26-11:56:58 114.203.61.62
신고자:
safir-o   <鑛> 사차이어, 청옥(靑玉); 하늘색 보석; 사차이어색
답변: 수정되었습니다.

----------
2012/12/26-22:39:35 121.161.122.145
신고자:
Kartez-o   데카르트《프라스 철학자(1596-1650)》 kartezano 데카르트파(派) 철학자(哲學者).kartezismo 데카르트파 철학. kartezo 
-------------------------------------------------프라스철학이 아니라 프랑스철학으로 고쳐야 합니다.
답변: 수정되었습니다.

----------
2013/01/16-14:37:04 114.203.62.110
신고자:
 (국가,시,협회,단체가 AdMs으로 지급하는)---> (국가,시,협회,단체가 공적으로 지급하는)
답변: 수정되었습니다.


----------
2013/01/26-18:02:10 114.203.62.8
신고자:
 tabakobtiko--> tabakobutiko
답변: 수정되었습니다.

----------
2013/01/26-18:13:04 114.203.62.8
신고자:
placeb-o   <의학> (심리적 진정의 효과를 얻게 하기 위하여 환자에게 주는 전혀 약성이 없는) 가짜 약, 심리적 진정제. la placeboj povas esti iafoje utilaj dank_ al --> 마지막부분 dank' al  (마선생님 사전에서 입력되었네요ㅠㅠ)
답변: 수정되었습니다.

----------
2013/01/26-19:04:40 114.203.62.8
신고자:
faŭk-o   (독사 ㆍ맹수 등의) 큰 입; (터널ㆍ광산ㆍ거포ㆍ굴 등의) 입, 입구;(잔ㆍ병 등의) 주둥이 faŭko de morto 죽음의 큰 입(巨口). faŭki <自> 입을 열다 (is abismoj -->>마지막부분 (~is abismoj
답변: 수정되었습니다.

----------
2013/01/26-19:20:13 114.203.62.8
신고자:
(1)fav-o   머리 버짐(頭瘡) fava 옴투성이의, 더러운, 머리버짐 있는. favulo fav환자-->마지막부분  :  ~환자

(2)fagocit-o   <生理> 식균세포 (食菌細胞) ≪백혈구 등≫ fagocitozo <醫> fagocit증가증(增加症) --> 마지막부분 : <醫> ~증가증(增加症) 
(3)faksimil-o   (필적 · 그림 따위의) 원본 그대로의 복사, 모사(模寫), 판에 박은 듯이 옮기기, <通> 전송사진(電送寫眞) faksimili <他> faksimil하다; 전송하다 -->>마지막부분  :  <他> ~하다
(4)familiar-a   친한, 가까운, 허물없는 familiaraĵo familiar언행(言行); --> 마지막부분 : ~언행(言行)
(5)faris[z]e-o   <聖> 바리새교인, 종교상의 형식주의자, 위선자 faris[z]eismo faris[z]e신앙; 형식주의; -->> 마지막부분: ~신앙
답변: 수정되었습니다.

----------
2013/01/27-20:43:15 114.203.63.57
신고자:
sabat-o   토요일; (유태교의) 안식일(安息日). festisabaton 안식일을 지키다. sabata 토요일의; 안식일의. sabat a jaro 안식년(安息年). -->마지막부분 공백 : sabata jaro
dank-i   [타] * dank에게 사례하다, dank에게 감사하다, dank에게 사의를 표하다. * (무슨 제안을 받은 것이 마음에는 들지만 사양할 때)고맙지만dank 그만두십시오--->>> 다음문장으로 전체바꿈 : ①…에게 사례하다, …에게 감사하다, …에게 사의를 표하다. ②(무슨 제안을 받은 것이 마음에는 들지만 사양할 때)고맙지만… 그만두십시오. ③보답하다, 감사하다. ～o 감사의 말(행동・마음). ～a 감사의(한). esti ～a al iu 누구에게 감사하다. ～e 감사하게. ～e al, ～' al …의 덕분에, …의 덕택으로. ～ema 감사를・보답을 잘 하는. ～inda 감사할 가치가 있는, 감사할만한. ne ～inde ! 별말씀을, 천만에요!. ～on! 감사합니다, 고마워요. antaŭ～i 미리 감사하다. for～i 사퇴(辭退)하다. sen～a 감사의 표시가 없는, 고마움을 모르는, 은혜를 모르는, 헛수고의. sen～a laboro 헛수고의 일. 
답변: 수정되었습니다.

----------
2013/02/03-13:13:10 114.203.62.65
신고자:
depend-i   -> pendi depend에 달려 있다, depend에 의존하다.===>>~에 의존하다.
답변: 수정되었습니다.

----------
2013/02/03-13:19:25 114.203.62.65
신고자:
Stutgart-o   수두르가르트===>>수트투가르트
답변: 수정되었습니다.

----------
2013/02/03-13:22:58 114.203.62.65
신고자:
redakt-i   <他> 편집하다, 편찬(編纂)하다. redakt(ad)o 편집. redaktanto redakt자. redaktejo redakt실. redaktisto redakt자. redaktistaro redakt부. ĉefredaktisto redakt부장, 주필===>>redakt-i   <他> 편집하다, 편찬(編纂)하다. redakt(ad)o 편집. redaktanto 편집자. redaktejo 편집실. redaktisto 편집자. redaktistaro 편집부. ĉefredaktisto 편집부장, 주필
답변: 수정되었습니다.

----------
2013/02/04-12:03:38 110.10.190.227
신고자:
kiu   <의문대명사>누구, 어느 사람, 어떤 사람; <관계대명사>《사람을 나타내는 선행사를 받아서》...하는 그러한 사람, 그리고 그 사람은(=kaj li)(Mi sendis ĝin al Bokdong, kiu (=kaj li) transdonis ĝin al Kildong 내가 그것을 복동에게 보내니 복동은 길동게로 돌렸다). kiu ajn 누구든지, 어떠한 사람이라도. cf. ĉiu, iu. ===>>> ...... 복동은 길동에게로 돌렸다
답변: 수정되었습니다.

----------
2013/02/04-12:11:59 110.10.190.227
신고자:
desegn-i   [타] * (연필,크레용 따위로)desegn의 형태를 그리다, 묘사하다, 윤곽을 그리다(색채는 사용치 않음). 디자인하다. * <기술> 선을 긋다, 제도하다, 그리다. * <비유> desegn의 특성을 설명,서술하다, desegn에 대하여 구상하다.===>desegn-i   [타] * (연필,크레용 따위로)...의 형태를 그리다, 묘사하다, 윤곽을 그리다(색채는 사용치 않음). 디자인하다. * <기술> 선을 긋다, 제도하다, 그리다. * <비유> ...의 특성을 설명,서술하다, ...에 대하여 구상하다.
답변: 수정되었습니다.

----------
2013/03/26-11:03:47 119.193.244.25
신고자:
skandal-o   치육('육'이 아니고 '욕'이 아닌지...), 면목없는 것,
답변: 수정되었습니다.


----------
2013/04/21-18:05:04 119.193.244.39
신고자:
simpal-a   간단한, 단순한, 단일한, 용이한; 수수한.
표제어가[simpla]가 아닌지요? 뒤에 따라오는 숙어들도 모두 simpala로 되었네요. PIV에도 없어요.
답변: 수정되었습니다.

----------
2013/04/24-17:59:51 125.128.67.32
신고자:
방명현 

----------
2013/04/24-18:00:21 125.128.67.32
신고자:
ŝarg-i   <他><軍.機. 寫> (총을) 재다, 장탄(裝彈하다; 넣다, 끼다(전지. 릴름등을);  릴름을 필름으로 수정
답변: 수정되었습니다.

----------
2013/05/06-0:10:08 119.193.244.39
신고자:
skandal-o   치육, 면목없는 것, 불명예; 추행(醜行), 추문(醜聞), 의옥(疑獄), "의옥"이 아니고 "의혹"이지요.
답변: 의옥이 맞습니다. (중국어)

----------
2013/06/08-20:54:44 114.203.63.102
신고자:
don-i   [타] I. * don을 주다. * (교환조건으로) don을 주다. * don을 생산하다. * 사람을 don에게 주다(맡기다). * (사용하라고)don을 주다. * 생산하다, 결과를 낳다, 생기게 하다. * don의 손에 맡기다, 위탁하다. * don에게 유쾌하거나 불쾌한 그 무엇을 느끼게 하다. * doni balon, feston 무도회를 열다, 잔치를 베풀다; * don에게 그의 상태에 따라 행동하다. * <수학> 문제의 기초를 구성하는 주어진 양이나 수, 데이터. * <철학> 잠재의식. * (책을)출판하다, 발행하다. * don을 내어주다.====> 모두 don을 ~로 교체
답변: 수정되었습니다.

----------
2013/06/08-21:04:13 114.203.63.102
신고자:
servist 하인
답변: 수정되었습니다.

----------
2013/06/08-21:11:21 114.203.63.102
신고자:
ŝajin-i   <自> (보기에) …듯 하다, …것 같다, …모양이다, …듯이 생각되다;《보어와 더불어》 …것 같이 보이다;외관은 …이다; …듯이 생각 되다. ŝajino 외모(外貌), 외관(外觀), 외표(外表). ŝajina겉으로는, 외관상으로는(적어도), 보기에(…인 것 같다).ŝajinigi가장하다,체하다. verŝajina그럴듯한, 정말같은; 있을 수 있는 , 가능한, 있음직한 …할 듯한. verŝajine 대개, 아마, 혹은, 십상팔구는. verŝajin (ec)o===> 모두 -ji를 -j-로   -verŝajn-
답변: 수정되었습니다.

----------
2013/06/16-19:41:42 114.203.63.117
신고자:
procedur-o   <法> 소송수속(訴訟手續). proceduri <自> procedur을 취하다===>~을 취하다
답변: 수정되었습니다.

----------
2013/06/27-13:21:11 114.203.63.140
신고자:
foriri 더나다, 가 버리다===> 떠나다
답변: 수정되었습니다.

----------
2013/06/30-7:54:30 118.176.10.158
신고자:
서길수 : laktuko에서 김을 malra laktuko라고 했는데, malra는 mara일 것으로 보임
답변: 수정되었습니다.

----------
2013/06/30-7:58:24 118.176.10.158
신고자:서길수
legomejo legom밭에서 legom밭 = 채소밭. 채소의 순수한 우리말은 '남새'라는 낱말이 있습니다.
답변: 수정되었습니다.

----------
2013/07/26-23:20:38 118.33.243.171
신고자:gangil-o    [OA]    {tubero, kiu troviĝas en difinitaj punktoj de la nervoj kaj de la tubetoj inter arterioj kaj vejnoj, kaj defendas kontraŭ infektoj ŝveliĝante kaj retenante la atakantajn bakteriojn kaj similajn} Nomota, 한국어로 해석은 없고예. 무슨 말인지 내는 잘 모르겠니더. 한번 봐 주이소. 베라.

----------
2013/07/26-23:28:06 118.33.243.171
신고자:구조-O       [G8]     구조 (构造) 조직, 구성 (构成) 건조물, 건물, 구조 공식 구조식 (式). 참조. '섬유'arange '를 건설한다. 이상하네요. 이런 일이 한번도 없었는데... 다른 단어찾다가 이런 에토단어도 없이 메타언어로만 나오네요.
다음 것도 그러네요. 크롬을 설치해서 크롬으로 찾아서 그러나요? 한번도 이런 적이 없었는데요. 다음 것도 한번 복사해서 붙여 볼께요.
답변: 이것은 일시적인 오류였던 것 같습니다. 현상이 재현되지 않습니다.

----------
2013/07/26-23:32:50 118.33.243.171
신고자:O 보완       [OA]     경의 (敬意) 찬사 (赞辞) 인사 (人事). 칭찬 <他> 경의를 표하다, 칭찬하다, 듣기 좋은 말을하다. 참조. 평면, gratul. {1. gratulaj flataj vortoj들과 알 adresataj. 2. ĝentilaj ceremoniaj formulo J}
보완이라는 단어 위에 커서를 놓으니까 komplimento 라는 글자박스가 뜨네요. 거, 참. 뭐가 뭔지 모리것구마요. 거, 참 속씨끄럽소잉.
답변: 이것은 일시적인 오류였던 것 같습니다. 현상이 재현되지 않습니다.


----------
2013/07/27-1:41:10 118.33.243.171
신고자:vera.
disenteri-o    [OA]    {infekta brulumo de la intesto, kaŭzanta daŭran lakson}  
답변: 수정되었습니다.


----------
2013/08/02-6:09:22 118.33.243.171
신고자:
tajdi 의 오타임. tajl-i      [G8]    조수(潮水), 조류(潮流), 간만. tajlvojo, tajlujo 조로(潮 路). tajl tabelo 조수표(潮水表) 베라.
답변: 수정되었습니다.

----------
2013/08/05-10:10:23 119.193.244.25
신고자:
tars-o          <海> 부골(趺骨); <해>자가 바다'해'자가 아니지요??<解剖>로 정정바람. 베라.
답변: 수정되었습니다.

----------
2013/08/05-10:58:17 119.193.244.25
신고자:
et(i)moi[j]d-o 이마뼈, 사골(篩骨). PIV에는 etmoido로 되었으니 정정바람. 해석도 다른게 아니고 틀려서 한참 찾았음. 코 안에 납작한 가로지른 뼈가 있는데 하나만 있고 한국어로는 비중격 같아요. 해부학책을 보면 말입니다. 한/영 해부학책에서요. 노모타가 보고 바꿔주이소. 이마뼈라니!!!해부학에 관해서 전혀 몰라도 고민을 좀 하는 사람들이 번역했어야 하는데...무진장 고생하고 있슴당. 덕분에 더위를 잊을 수 있지만 역쉬이이이 힘드네용.베라
답변: 수정되었습니다.


----------
2013/08/05-11:07:05 119.193.244.25
신고자:
rombencefal-o          <解> 능뇌(菱腦)<해>자 고쳐주이소. 더운디 욕보요.베라
답변: 이것은 뭐가 잘못 되었는지 이해가 되지 않습니다.


----------
2013/08/23-10:27:49 110.10.190.25
신고자:
foriri 더나다, 가 버리다===>떠나다, 가 버리다
답변: 수정되었습니다.

----------
2013/10/18-9:26:46 114.203.61.159
신고자:
deklar-i      [G8]    * [타] 포고하다, 성명하다, 선언하다, deklar을 밝히다, 나타내다. * (소득액,과세품 따위를)신고하다. * <법률> 구두나 서면으로 권리,의무를 취득하거나 박탈된다고 하는 사실을 알려주다. * <카드놀이) (가진 패를)알려주다. deklar= eldiri 
답변: 수정되었습니다.


----------
2013/10/18-9:38:13 114.203.61.159
신고자:
torda 꾸물꾸물. Iĝi, sintordI 몸부림치다
답변: 수정되었습니다.

----------
2013/10/27-22:54:00 221.146.52.124
신고자:
forc-i          <他> 강박(强迫)하다(=truddevigi) ; <農> 촉성재배(促成栽培)하다 forcejo 온상(溫床), 온실.
위에 첫 줄은 전혀 딴 내용이 들어갔어요. 삭제해야될 것같아요. PIV보삼 ^_^ 
답변: 수정되었습니다.


----------
2013/10/28-11:43:42 221.146.52.124
신고자:
centijpelio라는 단어가 PIV에는 있는데 없다고 나오네요. 살펴주이소예. 베라.
답변: 무슨 뜻인지 몰라서, PIV도 옆에 없는 관계로, 적용해 드리지 못했습니다.


----------
2013/10/30-7:50:50 221.146.52.124
신고자:
fonduo 단어가 없네요. PIV엔 있으니 실어주세요. 베라
답변: 무슨 뜻인지 몰라서, PIV도 옆에 없는 관계로, 적용해 드리지 못했습니다.


----------
2013/10/30-7:52:24 221.146.52.124
신고자:
rakledo 역시 없으니 올려주세요. 베라.
답변: 무슨 뜻인지 몰라서, PIV도 옆에 없는 관계로, 적용해 드리지 못했습니다.
      어디서 이렇듯  희귀한 단어들을 수집하셨는지...

----------
2013/12/05-12:39:29 114.203.61.172
신고자:
absorbIĝi 열중하다
답변: 수정되었습니다.


----------
2014/01/26-10:49:04 180.64.182.17
신고자:
sklavigi sklav화하다===>sklavigi ~화하다
답변: 수정되었습니다.

----------
2014/03/02-11:56:13 221.146.52.122
신고자:iluminilo 좀ㅇ기구. 노모타 이것이 뭔말인지 모르것소. 함 보이소. 베라.
답변: 수정되었습니다.

----------
2014/03/02-13:00:58 221.146.52.122
신고자: ĉarlatan'. cxarlantano지예. n자가 빠졌지라.베라. 
답변: ĉarlatan이 맞습니다. 수정되었습니다.

----------
2014/03/02-13:05:58 221.146.52.122
신고자:이런이런~~!!! cxarlatani 가 옳은 표기네요 (PIV).마샘 큰 사전이 오타네요. 마샘 사전 그 많은 오타를 어찌할거나!!! 베라.
답변: ĉarlatan이 맞습니다. 수정되었습니다.



----------
2014/04/29-13:06:35 110.10.190.65
신고자:
 dron에 묻히다. * <비유> dron에 깊이 빠지다, 점령되다. * 누구를 익사시키다. * 침몰시키다. * <비유> 깊이 간여하다(넣다, 찌르다). * <비유> 사라지게 하다. ===> ~에 묻히다. * <비유> ~에 깊이 빠지다, 점령되다. * 누구를 익사시키다. * 침몰시키다. * <비유> 깊이 간여하다(넣다, 찌르다). * <비유> 사라지게 하다. 
답변: 수정되었습니다.


----------
2014/05/02-23:57:31 110.10.190.213
신고자:
 natura natur의===> natura ~의
답변: 수정되었습니다.


----------
2014/05/03-0:01:52 110.10.190.213
신고자:
pretekst<他>핑계하다===>preteksti<他>핑계하다
답변: 수정되었습니다.


----------
2014/05/18-14:14:50 221.146.52.188
신고자:vultur-o      [G9]    <動> 독소리. [독수리 아닌가요? vera.]
답변: 맞습니다. 수정되었습니다.

----------
2014/06/03-7:38:49 221.146.52.122
신고자:ŝik-a          세련된; 멋있는, 맛잇는
답변: 수정되었습니다.

----------
2014/06/11-23:30:47 114.203.61.183
신고자:
vojaĝoĉeko vojaĝ수표(手票). ===>vojaĝoĉeko 여행자수표(手票). 
답변: 수정되었습니다.

----------
2014/07/15-16:17:53 114.203.61.240
신고자:katoblep-o   (아람전설의)괴마(怪馬). ===>(아랍전설의)괴마(怪馬). 
답변: 수정되었습니다.

----------
2014/07/20-18:29:39 114.203.63.211
bord-o,
tribord-o          <海> (배의) 우현(右舷). triborden ! 우현으로!       
답변: 수정되었습니다.

----------
2014/07/21-21:36:23 220.117.23.50
신고자:tifon-o  = tajfuno를 같이 표기하면 더 좋겠습니다. vera.
답변: 수정되었습니다.


----------
2014/07/27-8:48:33 220.117.23.73
신고자: "mocio" 단어가 없어요. 확인해주세요. 베라.
답변: 일본의 떡, 모찌를 말씀하신다면 실지 않는 것이 더 좋을 듯합니다. rizkuka konfitajxo정도 될까요?


----------
2014/07/27-8:54:38 220.117.23.73
신고자:oceanio대양주(大洋洲).PIV 해석을 보면 좀 다르게 표기해야할 듯...Unu el la kvin partoj de la mondo, konsistanta el Aŭstralio k el la insuloj ĉirkaŭantaj. ➞ Melanezio, Mikronezio, Polinezio.
답변: PIV설명을 추가했습니다.

----------
2014/07/27-21:31:31 175.252.203.147
신고자:bojkot-i      [OA]    <他> 공동으로 거래를 끊다, 불매[매](不買[賣]) 동맹을 하다, 배척하다. {1. are (잘못표기한것같아요) rifuzi por ne havi iujn ajn ...
답변: 맞게 표기된 것입니다. 영어 Be동사 'are'가 아니고, 에스페란토 그룹으로('ar-e')라는 의미로 쓰인 것입니다.

----------
2014/08/14-17:33:05 221.146.52.127
신고자: laŭvloe 마음대로 
답변: 수정되었습니다.

----------
2014/08/20-17:49:57 175.252.230.162
신고자:sur      [G1]    <前> 위에《접촉하는》; 에(있다) (=ĉ); gidgkdu,에게(=al) 
gidakdu무슨 뜻일까요?
답변: 수정되었습니다. '향하여' 오타

----------
2014/09/29-17:10:47 220.117.23.228
신고자: patelforma 쓸개골 -> 슬개골.
답변: 수정되었습니다.

----------
2014/10/09-17:26:11 220.117.23.233
신고자:사람의 음경(陰莖) =homa peniso.사람의 음경이 아니라 "남자의 성기"가 더 좋을 것 아니 정확할 것 같기도 헌디라. 베라.
답변: 수정했습니다. 베라님은 넘 야하셔.


----------
2014/11/08-22:38:28 14.38.191.103
신고자:
한-에 되게 해주세요!
답변: '한글'로 타이핑해 보삼.

----------
2014/12/07-17:57:33 114.203.63.211
신고자:bibenstango--->bobenstango
답변: 수정되었습니다.

----------
2014/12/12-6:10:06 118.176.14.147
신고자:
서길수
laring-o          <解> 후두(喉頭). laringa frikativo <聲> 후두마찰음(摩擦音) (h). laringito <醫> laring염(炎) =gorĝinflamo, laringologo laring학자. laringologio laring학. laringoskopo <醫> laring경(鏡). laringoskipio laring검사(檢査). 후두염, 후두학자, 후두학, 후두경, 후두검사로,,,,, 마침 성대에 문제가 있어 찾는 과정에서 발견했습니다. 
답변: 수정했습니다.

----------
2014/12/13-2:25:29 121.128.247.83
신고자:손시윤
redon-i라는 동사를 추가해주세요.
답변: don-i 동사에 추가했습니다.


----------
2014/12/15-23:49:02 114.203.63.211
신고자: unuflanda paralizo <醫> 반신불수(半身不隨).==>> unuflanda paralizo <醫> 반신불수(半身不隨).==>>unuflanka  parali....
답변: 수정되었습니다.

----------
2014/12/29-23:19:04 114.203.63.211
신고자: ĉio  [G1]	<대명사> 모든 것, 만사. ne ĉio brilanta esats diamanto =====>  estas diamanto로
답변: 수정했습니다.


----------
2015/01/05-11:32:00 114.203.63.211
신고자: hejme 집에(ĉu S-개 N. estas hejme?===>>s-ro N.
답변: 수정되었습니다.

----------
2015/02/13-16:40:46 114.203.62.127
신고자: kvadrata kvadrat의, 이차(二次)의===> ~의, 이차(二次)의
답변: 수정하였습니다.


----------
2015/07/10-11:20:52 110.10.190.195
신고자:inter konsenti 서로 동의하다==>interkonsenti ???
답변: 하이픈을 넣었습니다. 


----------
2015/07/10-11:23:51 110.10.190.195
신고자:
diskret-a      [OA]    * 꼭 할 말만 하는, 입이 무거운, 사려깊은. * (행실이)신중한, 조심성 있는. * <비유> 섬세한, 강하지 않은. * 생각없이 수다만 떠는, 입이 가벼운. * 절제없는,=====>diskret-a      [OA]    * 꼭 할 말만 하는, 입이 무거운, 사려깊은. * (행실이)신중한, 조심성 있는. * <비유> 섬세한, 강하지 않은. *mal~ 생각없이 수다만 떠는, 입이 가벼운. * 절제없는,
답변: 수정했습니다.

----------
2015/07/11-10:25:49 110.10.190.76
신고자:deviz-o          * (방패,E館*에 쓴)제명. 
답변: 수정되었습니다.


----------
2015/07/11-10:27:38 110.10.190.76
신고자: gravi <自> 중요하다 
답변: 수정되었습니다.


----------
2015/08/11-21:21:43 110.10.190.191
신고자:
deviz-o          * (방패,E館*에 쓴)제명.
답변: 수정되었습니다.


----------
2015/09/11-10:00:43 114.203.62.226
신고자:
lingv-o      [G3]    <語>언어; 말, 용어(用語). lingvaĵo 말씨, 용어, 어법(語法). lingvaĉo (경멸) 횡설수설, 속어(俗語), 통어, 야비한 말, 쌍말.lingvisto 언어학자. lingvo internacia 국제어(國際語). faemdalingvo ==> faemdalingvo ->fremdalingvo
답변: 수정되었습니다.


----------
2015/11/23-19:02:26 1.221.187.110
신고자: <文> 문법상의 성(性)별 = gerno <-- genro 임.
답변: 수정하였습니다.


----------
2015/11/25-19:21:06 218.239.188.203
신고자:
enŝlosŝlosi <他> 가두다, ===> enŝlosi 
malŝlosŝlosi <他> (잠긴문을)열다===>malŝlosi 
답변: 수정되었습니다.


----------
2015/11/25-19:31:38 218.239.188.203
신고자:
elŝeligi(껍질)까다; _O아내다, 나타내다====>찾아내다, 나타내다
답변: 수정되었습니다.

----------
2015/12/17-10:02:24 180.64.182.67
신고자:
fond-i      [G8]    <他> 건립(建立)ㆍ설립(設立)ㆍ창설(創設)ㆍ성립(成立)하다; fond에 기초삼다, fond를 근거로, 이유로===> ~에 기초삼다, ~를 근거로, 이유로
답변: 수정되었습니다.

----------
2015/12/17-10:05:40 180.64.182.67
신고자:
 protokoli <自> protokol을 작성(作成)하다
답변: 수정되었습니다.

----------
2015/12/17-10:31:26 180.64.182.67
신고자:
spezejo spez처[계]. spezisto spez원. spezlibro spez부(簿). 
답변: 수정되었습니다.

----------
2016/01/29-17:50:29 178.255.215.75


----------
2016/02/02-10:28:49 110.10.190.89
신고자:
testiktumoro<醫>testik종(腫). testikito testik염(炎). ===>testiktumoro<醫>음낭종(腫). testikito 음낭염(炎). 
답변: 수정되었습니다.

----------
2016/02/05-22:05:01 218.239.188.252
신고자:Rubikon-o          이태리 중부의 강(江) 《주사위는 던졌다며 Julius Caesar가 건넌》. transpasi Rubikonon 단호한 수단을 쓰다, 중대한 결의를 하다, 모험gkf 것을 결의하다===>모험할 것을 결의하다
답변: 수정되었습니다.

----------
2016/02/05-22:18:25 218.239.188.252
신고자:strek-i      [G7]    <他> 줄을 긋다; 줄무늬를 내다. streko 한획(一劃), 획(劃) 한 번 긋기. streketro 하이픈. elstreki, forstreki <他> 줄을 그어버리다, 취소하다. 지우다; sub streki <他>(글자 등)밑에 줄을 긋다[치다]; 강조(强調)하다.tra strek i<他> 쭉 그어버리다,취소하다. Ombro streko 영선(影線)《그림자를 표시하는 평행선》. Rand streki, ĉirkaŭ streki <他>(는전,동전 등에)톱니 모양의 변을 만들다. Voj `o 노선(路線). ===>Voj~o 노선
답변: 수정되었습니다.


----------
2016/02/05-22:20:48 218.239.188.252
신고자:strekgravurando 선조(線彫)===>strekgravurado 선조(線彫)
답변: 수정되었습니다.

----------
2016/02/21-14:01:41 114.203.61.174
신고자:konkursi <自> konkurs하다
답변: 수정되었습니다.

----------
2016/04/18-12:50:29 114.203.62.147
신고자:
trafiki<自> trafik하다
답변: 수정되었습니다.

----------
2016/05/27-9:46:06 114.203.62.68
신고자:
vinil-o          <化> 비닐. vinila vinil의 ; vinil제(製)의. 
답변: 수정되었습니다.

----------
2016/05/27-10:04:38 114.203.62.68
신고자:
stan-o      [G9]    주석(錫). stanaĵo stan제품. stani <他> stan을 입히다
답변: 수정되었습니다.

----------
2016/05/27-10:05:39 114.203.62.68
신고자:
 inkluzivi <他> inkluziv하다
답변: 수정되었습니다.

----------
2016/05/27-10:12:14 114.203.62.68
신고자:ampolo = 전구(電球)
답변: 수정되었습니다.


----------
2016/09/19-6:36:13 118.32.172.92
신고자:embaras-o      [G7]    난처함, 당황(唐慌), (사람 앞에서의) 꺼리낌, 어색함, (재정상의) 곤란,'군색'--> '궁색' 이 아닐까요? Vera. 
답변: 난색으로 고쳤습니다.

----------
2016/10/02-21:47:18 110.70.53.224
신고자:박강문
슴베 안 나옵니다.
답변: 꼭 그런 단어를 넣을 필요가 있을까요? 해당 에스페란토 단어가 있을 것 같지도 않고....

----------
2017/04/11-23:09:26 112.149.54.171
신고자:
oft-eeco 빈도(頻度). maloft-ee 드문드문
답변: 수정되었습니다.

----------
2017/04/11-23:18:43 112.149.54.171
신고자:
 ŝanĝa ŝanĝ하는
답변: 수정되었습니다.

----------
2017/05/24-23:00:47 112.149.54.171
신고자:verdikti <自> verdikt하다
답변: 수정되었습니다.


----------
2017/06/07-12:10:04 118.176.14.147
신고자: 서길수 
homagi-o 신하(臣下)의 으례 -- 의례
답변: 수정되었습니다.


----------
2017/08/28-21:03:31 112.149.54.171
신고자:
lereja kamarado -->lerneja kamarado 탈자
답변: 수정되었습니다.

----------
2017/11/06-1:37:22 1.47.2.145
신고자:


----------
2017/11/06-1:40:02 1.47.2.145
신고자:
Saluton! 


----------
2017/11/24-12:41:51 112.149.54.171
신고자:altrelief-o          고부조9高浮照). 
답변: 수정되었습니다.

----------
2018/04/06-0:57:13 112.149.54.171
신고자:ŝŝekel-o          =siklo. 
답변: 수정되었습니다.

----------
2018/11/11-17:29:44 112.149.54.171
신고자:
sangetransfuzo <醫> 수혈(輸血).-> sangotransfuzo
답변: 수정되었습니다.

----------
신고자: 이낙기
spontan-a  	 * = spontanea.
spontane-a  	 [OA]	 자발적(自發的)인, 자연발생의, 맘속에서 우러나는; <植> 자생(自生)의. spontane 자발적으로, 자연히, 본능적으로. spontaneco 자발성; 자생(自生); 자연발생. cf. propramov', memvol'. {fariĝanta per si mem sen ia ekstera influo}
spont-a  	 =spontanea.
sopntan-a  	 =spontanea.
답변: 수정되었습니다.

----------
신고자: 이낙기
acer-o  	 <植> 단풍(楓), acero, pseudoplatana 큰 단풍; cf. platan', sikomor';

******
pse[u]doplatana ->
pse[ŭ]doplatana의 철자오류?
답변: 수정되었습니다.


----------
신고자: 이낙기
fizionomi-o  	 [OA]	 * 인상. li havas fizionomion honestan 그는 정식한 인상을 갖고 있다. fizionomi= mieno, aspekto. * <비유> 어떤 일의 특징적인 모습(외면적인 특색), 어떤 사물에서 받는 인상. {tuto de la vizaĝaj trajtoj kun ilia esprimo}5째줄 
"정식한 ㅡ 정직한
답변: 수정되었습니다.

----------
신고자: 이낙기
manovr-i  	 [G9]	 <自> 조동(調動)하다, 운용하다; 수완(手腕)을 부리다, 술책(術策)을 쓰다 =manjpuli; <軍> 기동연습(機動演習)하다. manovr(ad)o 술책, 책략(策略), 수완(手腕); 운용(運用); 조종(操縱).
6째줄
=man(j)puli 
--> man(i)puli 의 오류?
답변: 수정되었습니다.

----------
신고자: 이낙기
reĝim-o  	 [G9]	 정체(政體), 제도(制度); (parlamenta reĝimo 의회(議會)정체(제도)), 관리방식(管理方式); <機> 정상운전(正常運轉); <植> 과방(果房) =dieto. AntikaRreĝimo 구(舊)정체, 구제도 《특히 1789년 혁명이전의 프랑스의 정치사회 조직》. reĝa reĝimo 왕정
AntikvaRreĝimo ->
Antikva Reĝimo가 맞을듯해서
답변: 수정되었습니다.


----------
신고자: 이낙기
indulg-i  	 [G9]	 <自,他> 관대히 용서하다, 하는대로 내버려 두다, 견디다, 애석히 여기다. indulgi pekintan filon 죄진 아들을 용서하다. indulgi al 〔kontraŭ〕 iu 누구를 관대히 용서하다. indulgema 관대한,인후( ) 한. mal indulga 가혹( ) 한, 엄혹( ) 한. sen indulga 무정( ) 한, 사정없는, 무자비한.
이 단어해석에 아랫부분 4군데에 한글옆에 괄호( )만 있고 아마도 한자를 넣을려고 한것같은데.
괄호를 없애야 ㅡ
답변: 수정되었습니다.

----------
신고자: 이낙기
fal-i  	 [G3]	 <自> 떨어지다, 낙하(落下)하다, 넘어지다, 함락(陷落)되다, 멸망하다 faleti, duonfali, falŝanceliĝi, falpuŝiĝi 헛디디다, 실족(失足)하다, 걸려넘어지다; fal(ig)ilo, faletigaĵo, ŝtono de falpuŝiĝo 발에 챈 돌, 방해[장애]물; faligi antron 닻을 내리다;
마지막 단어 ㅡ 
antro /
ankro 여야하것네요
답변: 수정되었습니다.

----------
신고자: 이낙기
amortiz-i  	[OA]	 <他ㆍ法> (부동산을)법인에게 양도하다; <經> (감채(減債)기글므오) 상각(償却)하다; 점차 상환(漸次 償還)하다; <電) 진폭(振幅)이 점감(漸減)하다. {1. (pri ŝuldo aŭ ĉioma elspezo por aĉetitaj maŝinoj aŭ aliaj laboriloj) nuligi per iom-post-iomaj pagoj. 2. (pri la sinsekvoj de vibrado) malpligrandigi}
?기글므오?
답변: 수정되었습니다.

----------
신고자: 이낙기
fiŝ-o  	 [G4]	 생선, 물고기(魚); <天> 물고기 좌<座>. fiŝaĵo 생선, 생선으로 만든 반찬. fiŝejo 어장(漁場). fiŝujo, fiŝakvujo 물고기 못(魚池), 어향. fiŝisto 생선 장사, 양어하는 사람, (직업적으로) 고기 잡이 하는 사람. fiŝ(kapt)i,fiŝĉasi 물고기 잡다. fiŝhoko 낚시. fiŝedukisto 양어하는 사람. fiŝgulo 어교(魚膠). hokifiŝi 낚시질하다. fiŝkano, fiŝhoka stango 낚시대.
어향 ㅡ ㅡ 어항?
답변: 수정되었습니다.

----------
신고자: 이낙기
inklud-i  	 [타] inklud을 포함하다.
enklud-i  	 =inkludi
???
inklud을 포함하다 ㅡ?
답변: 수정되었습니다.


----------
2018/12/02-6:30:27 178.255.215.94


----------
2018/12/22-15:10:31 221.146.249.144
신고자: 서길수  grenatkolera - greatkolora
답변: grenatkolora로 수정하였습니다.


----------
2019/03/20-7:21:53 178.255.215.94


----------
2019/04/28-1:12:29 113.176.99.37
신고자:
이식(利息) ,이자, 이윤(利潤). kunmetitaj interezij 복리(複利).
답변: 수정되었습니다.

----------
2019/06/09-23:19:49 178.255.215.94


----------
2019/06/29-13:56:18 178.255.215.94


----------
2019/09/01-11:07:31 162.158.118.20
신고자: tondi, 깍다 -> 깎다
답변: 수정되었습니다.

----------
2019/09/02-9:48:36 162.158.7.11
신고자:
diluvo 태고의 (P메()의 <-- 한자를 표기하는게 틀렸을 같음
답변: 수정되었습니다.

----------
2020/02/09-14:30:06 162.158.118.36


----------
2020/02/09-14:39:25 162.158.119.149


----------
2020/03/17-10:02:32 162.158.118.110
신고자:
tond-i      [G5]    <他>자르다, 깍다. tondilo 가위. ĉirkaŭtondI--->ĉirkaŭtondi
답변: 수정되었습니다.


----------
2022/10/09-15:48:14 162.158.119.10

