
----------
2011/07/08-23:13:17 221.132.71.222
신고자:
시험
답변: 처리됨.

----------
2011/10/12-13:41:56 221.132.71.222
신고자: 시험
오타 정정 요청이 저장되는 확인하는 시험입니다.
답변: 처리됨.

----------
2011/11/23-22:50:39 115.137.201.44
신고자: 마영태 
나이테 sukringo --> jarring, sukringo
답변: 반영되었습니다.

----------
2011/11/25-21:52:02 115.137.201.44
신고자: 마영태
표제어  kapvorto
답변: 반영되었습니다.

----------
2011/12/27-23:11:05 115.137.201.44
신고자: 마영태
추가할 것: Julo: 동지(冬至) 축제(Festo de la vintra solstico)
답변: 반영되었습니다.


----------
2012/12/28-13:30:36 121.105.99.106
신고자:daimio ne estas por 大明, sed por 大名.(belmonto)
답변: 수정되었습니다. Korektita. (nomota)

----------
2013/01/09-15:05:24 14.55.102.126
신고자:아나키스트/아나키즘 anarkiismo/anarkiismo
답변: 수정되었습니다.

----------
2013/02/14-10:08:55 115.137.201.46
신고자: 마영태
환청 auda halucio --> auda halucino 
답변: 반영되었습니다.

----------
2013/04/14-9:24:47 115.137.201.46
신고자:마영태
좌장 (座長) ①agxoprezidanto, =좌상(座上)②. 
답변: 반영되었습니다.

----------
2013/04/14-9:28:06 115.137.201.46
신고자: 마영태
aĝ-o: ～oprezidanto 좌장(座長). *어떤 모임에서 임시의장을 맡아보는 최고령자.
답변: 반영되었습니다.

----------
2013/04/29-15:26:04 115.137.201.46
신고자: 마영태
처리(處理) ..... ~하다 manobri --> manovri   
답변: 반영되었습니다.

----------
2013/05/04-10:18:13 115.137.201.46
신고자:
마영태
주자(走者) kuranto. --> 주자(走者) kuristo.
답변: 반영되었습니다.

----------
2013/05/06-14:46:32 115.137.201.46
신고자:
마영태
삽입할 것:
전대미문의 senprecedenca 
답변: 반영되었습니다.

----------
2013/05/15-20:53:44 58.236.242.202
신고자:
Ĉashundo를 치려 하는데 자꾸 Ĉaŝundo로 바뀝니다.(입력방법: cxashundo)
뒤에 h를 붙임으로써 위에 삿갓(정확한 용어를 몰라서 죄송합니다.)이 붙는 것은 위키백과를 통해 알고 있지만, 이럴 때는 불편할 듯 합니다. x계열일 때만 바뀌도록 하고, 이를 사전사이트에 명시하는 것이 좋을 것 같습니다.
답변: 반영되었습니다.

----------
2013/05/24-10:46:45 115.137.201.46
신고자: 마영태
구기다 ĉifi
답변: 반영되었습니다.

----------
2013/06/09-21:48:33 115.137.201.46
신고자:
마영태
스톱워치 1.tempumilo. ~로 시간을 재다 tempumi. 2.<물리>kronografo*. ～로 시간을 재다 kronografi. 3.halthorloĝo, klikhorloĝo. 
답변: 반영되었습니다.

----------
2013/06/13-17:01:34 115.137.201.46
신고자:마영태
gej-o 동성연애자. ~a 동성연애자의. ~ino 여성동성연애자
답변: 반영되었습니다.


----------
2013/06/28-12:07:32 115.137.201.46
신고자: 마영태
"나무라다" 중에서  riprocxco --> riprocxeco
답변: 수정되었습니다.

----------
2013/07/04-15:48:11 115.137.201.46
신고자:
마영태
"고수(固守)하다" 하다가 검색되지 않네요.
답변: 고수하다 표제어로 빼서 표기했습니다.

----------
2013/07/13-16:46:17 115.137.201.46
신고자:
마영태
"인정 (認定)하다"는 클릭을 해도 화면에 단어가 없다고 하네요. 
답변: 인정하다를 표제어로 내고, 몇단어 제시했습니다.

----------
2013/08/10-10:26:05 115.137.201.46
신고자:
마영태
철2 (분별)... ③seĝo. --> ③saĝo
답변: 수정되었습니다.

----------
2013/08/15-11:06:50 115.137.201.46
신고자: 마영태
"오지랖 antaŭo de surturo. ～ 넓게 굴다 ㉠entruiĝi. ㉡enmiksiĝi. ㉢interveni."   중에서  "entruiĝi"를 "entrudiĝi"로 수정해주세요. ^^
답변: 수정되었습니다.

----------
2013/08/22-17:39:28 115.137.201.46
신고자: 마영태
꽃잎 ... ②pedalo. --> petalo 
답변: 수정되었습니다.

----------
2013/10/09-14:06:56 115.137.201.46
신고자:
마영태
추가: 봉숭아 "봉숭아"는 "봉선화"를 보시오. 봉선화 balzamino  
답변: 봉숭아를 봉선화 에 덧붙여 놨으니, 검색됩니다.

----------
2013/12/09-10:50:47 210.179.74.62
신고자:


----------
2014/02/04-10:27:51 115.137.201.46
신고자: 마영태
spekt-i (연극․영화․운동경기를)구경하다, 관람하다.     ～ifilmon, operon,.... --->  ... ~i filmon, operon, ..... / ～ifilmon에서 ~i 와 filmon을 떼어주세요. 단콘!    
답변: 수정되었습니다.

----------
2014/02/04-10:33:01 115.137.201.46
신고자:마영태
고수        (高手)     ①bonega (plibona) lerteco. ②altklasa (plilerta) ludanto. (鼓手)     tamburisto. ～장 (長) ĉeftamburisto. <식물> koriandro. (固守)하다     ①persisti (en). ②resti fidela al. ③ (막다) obstine defendi. 
--> 중에서
"(固守)하다     ①persisti (en). ②resti fidela al. ③ (막다) obstine defendi."를 따로 떼어 표제어로 삼아야 합니다. --> "고수(固守)하다............."
답변: 표제어를 '고수하다'로 분리했습니다.

----------
2014/02/15-10:23:41 115.137.201.46
신고자: 마영태
추가할 것: 
"현수교 (懸垂橋) viadukto"를 추가해 주세요. 
답변: 추가했습니다.


----------
2014/02/19-16:08:04 119.192.218.232
신고자: Elstara(박수현)
처녑 <요리> ①tripo ②stomako de remaĉulo. 
처녑 -> 천엽千葉
[국어사전] [생물] 소나 양(羊) 따위 되새김질을 하는 동물의 세 번째 위. 많은 주름이 있어서 겹주름위라고도 하며 주로 고기로 이를 때 쓰는 말로, 안쪽에 빽빽하게 융털이 나 있어서 마치 수건이나 융단처럼 보인다. 


[영어] 천엽 a compound leaf

답변: 처녑, 천엽 둘다 쓰이는 것 같아서 양쪽 다 넣었습니다.

----------
2014/03/17-21:07:29 61.255.7.52
신고자:


----------
2014/04/28-10:13:19 115.137.201.46
신고자: 마영태
임재 ĉeesto
답변: 추가했습니다.

----------
2014/06/02-11:54:44 115.137.201.46
신고자:
"의지(意志)"가 "의지(依支)" 안에 들어 있군요. 따로 떼어 표제어로 독립시켜 주세요.
답변: 수정되었습니다.


============

의지(依支) ①apogo. ～가 되는 것 (사람) apogo. ～하다 ㉠apogi sin. ㉡turni sin. ㉢ (…에-)teniĝi. ㉣ (무엇을 ··에-)bazi ion sur... ②subteno. ③helpo. ④asisto. …에 ～하다 sin apogi (dependi) al…. 머리를 나에게 의지 하세요 apogu al mi vian kapon. (意志)     ①volo. ～력 volado. ②intenco. ③celo. ～력 상실 <병리> abulio. ～에 반하는 kontraŭvola, malgraŭvola, pretervola. ～작용 volado. ~의 한국인 koreo kun forta volo. ~의 사나이 viro kun forta volo (義肢) falsa (artefarita) membro. 

답변: 두개의 표제어로 분리되었습니다.

----------
2014/06/26-22:15:19 115.137.201.46
신고자: 마영태. 다음 세 개의 표제어를 올려주세요. Antaŭdankon!

-SMS(short message service: 문자메시지전송서비스) tujmesaĝilo 
-문자메시지전송서비스(SMS: short message service) tujmesaĝilo
-tujmesaĝilo 단문메시지전송서비스

답변: tuj의 하위 항목으로 넣었습니다.

----------
2014/07/18-16:56:32 115.137.201.46
신고자: "의지(意志)..."가 "(意志)..."의 모양으로, 표제어 "의지(依支)" 안에 들어가 있습니다. 아래의 모양으로 "의지(意志)..."도 표제어로 삼아주세요. 

의지(依支) ①apogo....
의지(意志) ①volo....

답변: 분리했습니다.

----------
2014/07/18-17:04:33 115.137.201.46
신고자:
“원수(怨讐)”가 표제어로 안 되어 있고, 표제어 “원수(元首)” 안에 중간쯤 그냥 “(怨讐)”라고 삽입되어 있습니다. “원수(怨讐) malamiko....”도 표제어로 넣어주세요. 
*현재 검색창에 ‘원수’를 치면 표제어들이 뜨는데 그 중에 ‘원수(怨讐)’도 있습니다. 문제는 그것을 클릭해도 “결과가 없다”는 메시지만 뜹니다. ㅠㅠ 

답변: 표제어를 분리했습니다.  동음 이의어가 더 있을 것 같습니다.

----------
2014/07/19-20:36:16 114.203.63.211
Tero 에서 제9항 내용  중 세상의 "빛이니라"를 "소금이라" 로 교체.
⑨지구상의 주민, 온 세계의 사람들. vi estas la salo de la ～o 너희는 세상(사람들)의 빛이니라. 

답변: 수정되었습니다.

----------
2014/07/21-11:57:28 115.137.201.46
신고자:
지정(地精) minkoboldo, terkoboldo. (指定)하다     ①destini. ②fiksi. ③nomi. ④indiki. ...중에서 "(指定)하다..."이하를 아래와 같이 분리해주세요.     

지정(指定)하다 ①destini. ②fiksi. ③nomi. ④indiki.

답변: 수정했습니다.

----------
2014/09/30-16:46:06 115.137.201.46
신고자: 마영태
* 추가할 표제어: manaĝer/o. 매니저(스포츠나 예능인들의 스케줄과 활동을 돌봐주는 사람)

*수정할 것
매니저        ①administranto. ②direktoro.  ③managxero

답변: 적용했습니다.

----------
2014/11/06-10:39:46 115.137.201.46
신고자:
*한-에스에 추가할 것입니다. 
눈높이 okula nivelo. 
답변: 추가되었습니다.

----------
2014/12/18-12:56:17 115.137.201.46
신고자: 마영태
보리수 bodiarbo. *기존의 tilio는 삭제
답변: 수정되었습니다.

----------
2015/01/09-20:27:49 119.192.218.242
신고자:박수현


----------
2015/01/09-20:31:22 119.192.218.242
신고자:박수현
낚시질 kish(kapt)ado -> fish(kapt)ado
답변: 수정했습니다.


----------
2015/01/23-19:08:07 115.137.201.46
신고자: 마영태
nepre 표제어 안에 다음 사람을 삽입해 주셔요~~
nepri 꼭 필요하다(Esti necesega; esti necesege). pri tio ~ silento 그 점에 관하여 침묵은 꼭 필요하다; ~, ke mi foriru jam nun! 이미 지금 나는 반드시 떠나야 한다. 
답변: 수정했습니다.

----------
2015/02/24-21:15:32 119.192.218.1
신고자: vertero -> vorteto

답변: 못찾았습니다.

----------
2015/07/15-17:41:24 119.192.218.22
신고자: 동그라미 번호②번이 없음 / 번호를 잘못 매겼는지, 아니면, 뜯어붙이고 편집하는 과정에서 빠진 것인지 확인할 것
답변: ??


----------
2015/09/01-1:42:35 175.193.152.12
신고자:박수현

altitudo->latitudo
답변: 수정했습니다.

----------
2015/09/03-14:15:14 175.193.152.12
신고자: 박수현
gusĝinta -> gustiĝinta
답변: 수정되었습니다.

----------
2015/11/24-16:35:13 121.131.15.81
신고자: 박수현
embrazuro <군사> (성, 요새 따위의 안쪽이 바깥쪽보다 좁은) 흉벽(胸壁)의 충안(銃眼)-> 총안
답변: 수정했습니다.

----------
2016/05/20-22:45:27 180.69.100.204
신고자: 마영태
한국에스페란토아카데미오의 링크 주소를 http://cafe.naver.com/leono.cafe 로 바꿔주세요. 기존의 주소는 폐쇄되었습니다. Antaudankon! 
답변: 수정되었습니다.



----------
2016/07/22-14:44:25 221.140.174.178
신고자: 마영태
카운트다운 retrokalkulo. ~하다 retrokalkuli
답변: 수정되었습니다.


----------
2017/03/01-11:36:31 61.74.169.81
신고자:
pensanto
mikrocefalo = 小豆 -> 小頭
답변: 수정되었습니다.

----------
2017/03/23-10:50:51 61.74.169.81
신고자:
pensanto; naturakolra -> naturakolora
답변: 수정되었습니다.

----------
2018/01/10-11:46:14 121.161.253.79
신고자: Kredito(confed00@naver.com) 
Se vi tajpi kaj serĉi "prekaŭ" la frazo "prekaŭ sama"(kiu ŝajnas kiel eraro de "preskaŭ sama") revenas. 
답변: 수정되었습니다.

----------
2018/07/02-13:38:16 49.167.222.209
신고자:
IT가 informatiko로 검색됩니다. PIV나 reta vortaro에서는 informadiko입니다. 
답변: 수정되었습니다.


----------
2018/12/07-14:22:17 121.165.242.49
신고자:
무술        (武術)     ①batalarto. ②militarto. (巫術)     ①ŝamanismo. ②nekromancio. ☞ spiritismo.

내용이 잘못 되어 있음. 수정할 것.

답변: 맞는 것 같아서 그대로 뒀음.


----------
2020/01/02-14:19:53 49.167.222.209
신고자:nutraĵo ???
답변: 수정됨

----------
2020/05/27-13:13:35 162.158.7.129
신고자:dalpho
표제어 papago: 앵부새>앵무새
답변: 수정되었습니다.

----------
2020/06/02-11:22:39 172.69.33.55
신고자:dalpho
표제어: 목욕
오타: 재개 > 재계
답변: 수정되었습니다.

----------
2022/10/09-15:48:18 162.158.119.10

